2025-01-06 04:51:42,701 - my_logger - INFO - 这是一条信息日志
2025-01-06 06:34:41,300 - my_logger - INFO - 这是一条信息日志
2025-01-06 09:20:00,116 - my_logger - INFO - 这是一条信息日志
2025-01-06 09:20:34,797 - my_logger - INFO - 这是一条信息日志
2025-01-06 09:21:32,897 - my_logger - INFO - 这是一条信息日志
2025-01-06 09:21:41,618 - my_logger - INFO - 这是一条信息日志
2025-01-06 09:24:37,499 - my_logger - INFO - 这是一条信息日志
2025-01-06 09:25:12,727 - my_logger - INFO - 这是一条信息日志
2025-01-06 09:25:16,507 - my_logger - INFO - 这是一条信息日志
2025-01-08 14:47:15,138 - my_logger - INFO - 这是一条信息日志
2025-01-08 14:47:16,680 - my_logger - INFO - 这是一条信息日志
2025-01-08 14:55:12,899 - my_logger - INFO - 这是一条信息日志
2025-01-09 03:57:58,167 - my_logger - INFO - 这是一条信息日志
2025-01-09 03:57:59,793 - my_logger - INFO - 这是一条信息日志
2025-01-09 04:04:01,799 - my_logger - INFO - 这是一条信息日志
2025-01-09 04:04:09,951 - my_logger - INFO - 这是一条信息日志
2025-01-09 04:04:11,510 - my_logger - INFO - 这是一条信息日志
2025-01-09 04:07:51,866 - my_logger - INFO - 这是一条信息日志
2025-01-09 04:10:22,136 - my_logger - INFO - 这是一条信息日志
2025-01-09 04:11:37,516 - my_logger - INFO - 这是一条信息日志
2025-01-09 04:15:46,797 - my_logger - INFO - 这是一条信息日志
2025-01-09 20:51:25,707 - my_logger - INFO - 这是一条信息日志
2025-01-09 20:51:27,201 - my_logger - INFO - 这是一条信息日志
2025-01-09 21:41:03,257 - my_logger - INFO - 这是一条信息日志
2025-01-09 21:41:04,679 - my_logger - INFO - 这是一条信息日志
2025-01-09 23:27:34,069 - my_logger - INFO - 这是一条信息日志
2025-01-09 23:27:35,707 - my_logger - INFO - 这是一条信息日志
2025-01-10 15:46:54,775 - my_logger - INFO - 这是一条信息日志
2025-01-10 15:46:56,396 - my_logger - INFO - 这是一条信息日志
2025-01-10 16:04:58,666 - my_logger - INFO - 这是一条信息日志
2025-01-10 16:05:00,534 - my_logger - INFO - 这是一条信息日志
2025-01-10 16:06:48,474 - my_logger - INFO - 这是一条信息日志
2025-01-10 16:08:36,509 - my_logger - INFO - 这是一条信息日志
2025-01-10 16:08:38,501 - my_logger - INFO - 这是一条信息日志
2025-01-10 16:09:50,077 - my_logger - INFO - 这是一条信息日志
2025-01-10 16:09:52,056 - my_logger - INFO - 这是一条信息日志
2025-01-10 16:19:30,916 - my_logger - INFO - 这是一条信息日志
2025-01-10 16:19:32,608 - my_logger - INFO - 这是一条信息日志
2025-01-10 16:25:13,273 - my_logger - INFO - 这是一条信息日志
2025-01-10 16:25:18,881 - my_logger - INFO - 这是一条信息日志
2025-01-10 16:25:20,346 - my_logger - INFO - 这是一条信息日志
2025-01-10 16:27:16,702 - my_logger - INFO - 这是一条信息日志
2025-01-10 16:27:18,565 - my_logger - INFO - 这是一条信息日志
2025-01-10 16:31:33,160 - my_logger - INFO - 这是一条信息日志
2025-01-10 16:31:35,046 - my_logger - INFO - 这是一条信息日志
2025-01-10 16:34:04,073 - my_logger - INFO - 这是一条信息日志
2025-01-10 16:34:06,052 - my_logger - INFO - 这是一条信息日志
2025-01-10 16:38:06,373 - my_logger - INFO - 这是一条信息日志
2025-01-10 16:38:08,367 - my_logger - INFO - 这是一条信息日志
2025-01-10 18:41:22,628 - my_logger - INFO - 这是一条信息日志
2025-01-10 18:41:24,631 - my_logger - INFO - 这是一条信息日志
2025-01-10 19:05:55,661 - my_logger - INFO - 这是一条信息日志
2025-01-10 19:05:57,205 - my_logger - INFO - 这是一条信息日志
2025-01-10 19:31:36,241 - my_logger - INFO - 这是一条信息日志
2025-01-10 19:40:43,595 - my_logger - INFO - 这是一条信息日志
2025-01-10 19:40:45,192 - my_logger - INFO - 这是一条信息日志
2025-01-10 19:42:03,376 - my_logger - INFO - 这是一条信息日志
2025-01-10 19:42:04,913 - my_logger - INFO - 这是一条信息日志
2025-01-10 19:44:11,977 - my_logger - INFO - 这是一条信息日志
2025-01-10 19:44:13,594 - my_logger - INFO - 这是一条信息日志
2025-01-10 19:45:52,627 - my_logger - INFO - 这是一条信息日志
2025-01-10 19:45:54,164 - my_logger - INFO - 这是一条信息日志
2025-01-10 20:35:15,780 - my_logger - INFO - 这是一条信息日志
2025-01-10 20:35:46,171 - my_logger - INFO - 这是一条信息日志
2025-01-10 20:35:47,583 - my_logger - INFO - 这是一条信息日志
2025-01-10 20:39:17,703 - my_logger - INFO - 这是一条信息日志
2025-01-10 21:20:59,473 - my_logger - INFO - 这是一条信息日志
2025-01-10 21:21:01,378 - my_logger - INFO - 这是一条信息日志
2025-01-10 21:24:50,342 - my_logger - INFO - 这是一条信息日志
2025-01-10 21:24:52,133 - my_logger - INFO - 这是一条信息日志
2025-01-10 21:26:55,421 - my_logger - INFO - 这是一条信息日志
2025-01-10 21:27:05,905 - my_logger - INFO - 这是一条信息日志
2025-01-10 22:11:18,294 - my_logger - INFO - 这是一条信息日志
2025-01-10 22:28:24,736 - my_logger - INFO - 这是一条信息日志
2025-01-10 22:35:49,455 - my_logger - INFO - 这是一条信息日志
2025-01-10 22:45:31,125 - my_logger - INFO - 这是一条信息日志
2025-01-10 22:56:34,255 - my_logger - INFO - 这是一条信息日志
2025-01-10 22:59:45,551 - my_logger - INFO - 这是一条信息日志
2025-01-10 23:42:47,088 - my_logger - INFO - 这是一条信息日志
2025-01-10 23:42:47,089 - my_logger - INFO - 定时任务启动
2025-01-10 23:44:39,367 - my_logger - INFO - 这是一条信息日志
2025-01-10 23:44:39,368 - my_logger - INFO - 定时任务启动
2025-01-10 23:45:27,656 - my_logger - INFO - 这是一条信息日志
2025-01-10 23:45:27,657 - my_logger - INFO - 定时任务启动
2025-01-10 23:49:37,366 - my_logger - INFO - swq抓取兑换码任务执行完毕
2025-01-10 23:50:28,401 - my_logger - INFO - reward更新reward.csv任务执行完毕
2025-01-10 23:50:28,415 - my_logger - INFO - task更新task.json任务执行完毕
2025-01-10 23:54:09,999 - my_logger - INFO - swq抓取兑换码任务执行完毕
2025-01-10 23:55:29,050 - my_logger - INFO - reward更新reward.csv任务执行完毕
2025-01-10 23:55:29,059 - my_logger - INFO - task更新task.json任务执行完毕
2025-01-10 23:57:58,348 - my_logger - INFO - swq抓取兑换码任务执行完毕
2025-01-11 00:00:28,455 - my_logger - INFO - history更新history.csv任务执行完毕
2025-01-11 00:00:28,466 - my_logger - INFO - evt_coupon.py运行完毕
2025-01-11 00:00:29,469 - my_logger - INFO - reward更新reward.csv任务执行完毕
2025-01-11 00:00:29,488 - my_logger - INFO - task更新task.json任务执行完毕
2025-01-11 00:02:33,115 - my_logger - INFO - swq抓取兑换码任务执行完毕
2025-01-11 00:05:30,234 - my_logger - INFO - reward更新reward.csv任务执行完毕
2025-01-11 00:05:30,242 - my_logger - INFO - task更新task.json任务执行完毕
2025-01-11 00:05:59,226 - my_logger - INFO - 这是一条信息日志
2025-01-11 00:05:59,228 - my_logger - INFO - 定时任务启动
2025-01-11 00:05:59,230 - my_logger - INFO - 任务列表：[Every 3 minutes do swq_task() (last run: [never], next run: 2025-01-11 00:08:59), Every 5 minutes do reward_task() (last run: [never], next run: 2025-01-11 00:10:59), Every 5 minutes do task_task() (last run: [never], next run: 2025-01-11 00:10:59), Every 15 minutes do history_task() (last run: [never], next run: 2025-01-11 00:20:59), Every 15 minutes do check_and_run_evt_coupon() (last run: [never], next run: 2025-01-11 00:20:59), Every 1 day at 08:30:00 do send_email_task() (last run: [never], next run: 2025-01-11 08:30:00)]
2025-01-11 00:08:04,329 - my_logger - INFO - 这是一条信息日志
2025-01-11 00:08:04,330 - my_logger - INFO - 定时任务启动
2025-01-11 00:08:04,332 - my_logger - INFO - 任务列表：[Every 3 minutes do swq_task() (last run: [never], next run: 2025-01-11 00:11:04), Every 5 minutes do reward_task() (last run: [never], next run: 2025-01-11 00:13:04), Every 5 minutes do task_task() (last run: [never], next run: 2025-01-11 00:13:04), Every 15 minutes do history_task() (last run: [never], next run: 2025-01-11 00:23:04), Every 15 minutes do check_and_run_evt_coupon() (last run: [never], next run: 2025-01-11 00:23:04), Every 1 day at 08:30:00 do send_email_task() (last run: [never], next run: 2025-01-11 08:30:00)]
2025-01-11 00:09:25,641 - my_logger - INFO - 这是一条信息日志
2025-01-11 00:09:27,062 - my_logger - INFO - 这是一条信息日志
2025-01-11 00:09:58,267 - my_logger - INFO - 这是一条信息日志
2025-01-11 00:09:59,731 - my_logger - INFO - 这是一条信息日志
2025-01-11 00:10:37,682 - my_logger - INFO - 这是一条信息日志
2025-01-11 00:10:39,077 - my_logger - INFO - 这是一条信息日志
2025-01-11 00:15:37,372 - my_logger - INFO - 这是一条信息日志
2025-01-11 00:15:38,797 - my_logger - INFO - 这是一条信息日志
2025-01-11 00:16:18,757 - my_logger - INFO - 这是一条信息日志
2025-01-11 00:16:20,164 - my_logger - INFO - 这是一条信息日志
2025-01-11 00:16:53,832 - my_logger - INFO - 这是一条信息日志
2025-01-11 00:16:55,281 - my_logger - INFO - 这是一条信息日志
2025-01-11 00:19:22,234 - my_logger - INFO - 这是一条信息日志
2025-01-11 00:19:22,235 - my_logger - INFO - 定时任务启动
2025-01-11 00:19:22,236 - my_logger - INFO - 任务列表：[Every 3 minutes do swq_task() (last run: [never], next run: 2025-01-11 00:22:22), Every 5 minutes do reward_task() (last run: [never], next run: 2025-01-11 00:24:22), Every 5 minutes do task_task() (last run: [never], next run: 2025-01-11 00:24:22), Every 15 minutes do history_task() (last run: [never], next run: 2025-01-11 00:34:22), Every 15 minutes do check_and_run_evt_coupon() (last run: [never], next run: 2025-01-11 00:34:22), Every 1 day at 08:30:00 do send_email_task() (last run: [never], next run: 2025-01-11 08:30:00)]
2025-01-11 00:20:41,934 - my_logger - INFO - 这是一条信息日志
2025-01-11 00:20:43,356 - my_logger - INFO - 这是一条信息日志
2025-01-11 00:23:34,458 - my_logger - INFO - 这是一条信息日志
2025-01-11 00:23:35,890 - my_logger - INFO - 这是一条信息日志
2025-01-11 00:25:34,297 - my_logger - INFO - 这是一条信息日志
2025-01-11 00:25:34,298 - my_logger - INFO - 定时任务启动
2025-01-11 00:25:34,299 - my_logger - INFO - 任务列表：[Every 3 minutes do swq_task() (last run: [never], next run: 2025-01-11 00:28:34), Every 5 minutes do reward_task() (last run: [never], next run: 2025-01-11 00:30:34), Every 5 minutes do task_task() (last run: [never], next run: 2025-01-11 00:30:34), Every 15 minutes do history_task() (last run: [never], next run: 2025-01-11 00:40:34), Every 15 minutes do check_and_run_evt_coupon() (last run: [never], next run: 2025-01-11 00:40:34), Every 1 day at 08:30:00 do send_email_task() (last run: [never], next run: 2025-01-11 08:30:00)]
2025-01-11 00:25:35,734 - my_logger - INFO - 这是一条信息日志
2025-01-11 00:25:35,737 - my_logger - INFO - 定时任务启动
2025-01-11 00:25:35,739 - my_logger - INFO - 任务列表：[Every 3 minutes do swq_task() (last run: [never], next run: 2025-01-11 00:28:35), Every 5 minutes do reward_task() (last run: [never], next run: 2025-01-11 00:30:35), Every 5 minutes do task_task() (last run: [never], next run: 2025-01-11 00:30:35), Every 15 minutes do history_task() (last run: [never], next run: 2025-01-11 00:40:35), Every 15 minutes do check_and_run_evt_coupon() (last run: [never], next run: 2025-01-11 00:40:35), Every 1 day at 08:30:00 do send_email_task() (last run: [never], next run: 2025-01-11 08:30:00)]
2025-01-11 00:30:33,449 - my_logger - INFO - 这是一条信息日志
2025-01-11 00:30:33,450 - my_logger - INFO - 定时任务启动
2025-01-11 00:30:33,451 - my_logger - INFO - 任务列表：[Every 3 minutes do swq_task() (last run: [never], next run: 2025-01-11 00:33:33), Every 5 minutes do reward_task() (last run: [never], next run: 2025-01-11 00:35:33), Every 5 minutes do task_task() (last run: [never], next run: 2025-01-11 00:35:33), Every 15 minutes do history_task() (last run: [never], next run: 2025-01-11 00:45:33), Every 15 minutes do check_and_run_evt_coupon() (last run: [never], next run: 2025-01-11 00:45:33), Every 1 day at 08:30:00 do send_email_task() (last run: [never], next run: 2025-01-11 08:30:00)]
2025-01-11 00:30:34,849 - my_logger - INFO - 这是一条信息日志
2025-01-11 00:30:34,851 - my_logger - INFO - 定时任务启动
2025-01-11 00:30:34,852 - my_logger - INFO - 任务列表：[Every 3 minutes do swq_task() (last run: [never], next run: 2025-01-11 00:33:34), Every 5 minutes do reward_task() (last run: [never], next run: 2025-01-11 00:35:34), Every 5 minutes do task_task() (last run: [never], next run: 2025-01-11 00:35:34), Every 15 minutes do history_task() (last run: [never], next run: 2025-01-11 00:45:34), Every 15 minutes do check_and_run_evt_coupon() (last run: [never], next run: 2025-01-11 00:45:34), Every 1 day at 08:30:00 do send_email_task() (last run: [never], next run: 2025-01-11 08:30:00)]
2025-01-11 00:36:47,815 - my_logger - INFO - 这是一条信息日志
2025-01-11 00:36:47,816 - my_logger - INFO - 定时任务启动
2025-01-11 00:36:47,817 - my_logger - INFO - 任务列表：[Every 3 minutes do swq_task() (last run: [never], next run: 2025-01-11 00:39:47), Every 5 minutes do reward_task() (last run: [never], next run: 2025-01-11 00:41:47), Every 5 minutes do task_task() (last run: [never], next run: 2025-01-11 00:41:47), Every 15 minutes do history_task() (last run: [never], next run: 2025-01-11 00:51:47), Every 15 minutes do check_and_run_evt_coupon() (last run: [never], next run: 2025-01-11 00:51:47), Every 1 day at 08:30:00 do send_email_task() (last run: [never], next run: 2025-01-11 08:30:00)]
2025-01-11 00:36:49,254 - my_logger - INFO - 这是一条信息日志
2025-01-11 00:36:49,256 - my_logger - INFO - 定时任务启动
2025-01-11 00:36:49,257 - my_logger - INFO - 任务列表：[Every 3 minutes do swq_task() (last run: [never], next run: 2025-01-11 00:39:49), Every 5 minutes do reward_task() (last run: [never], next run: 2025-01-11 00:41:49), Every 5 minutes do task_task() (last run: [never], next run: 2025-01-11 00:41:49), Every 15 minutes do history_task() (last run: [never], next run: 2025-01-11 00:51:49), Every 15 minutes do check_and_run_evt_coupon() (last run: [never], next run: 2025-01-11 00:51:49), Every 1 day at 08:30:00 do send_email_task() (last run: [never], next run: 2025-01-11 08:30:00)]
2025-01-11 00:37:45,683 - my_logger - INFO - 这是一条信息日志
2025-01-11 00:37:47,040 - my_logger - INFO - 这是一条信息日志
2025-01-11 00:39:55,332 - my_logger - INFO - 这是一条信息日志
2025-01-11 00:40:00,291 - my_logger - INFO - 这是一条信息日志
2025-01-11 00:40:01,682 - my_logger - INFO - 这是一条信息日志
2025-01-11 00:40:45,511 - my_logger - INFO - 这是一条信息日志
2025-01-11 00:40:46,919 - my_logger - INFO - 这是一条信息日志
2025-01-11 00:47:09,508 - my_logger - INFO - 这是一条信息日志
2025-01-11 00:54:57,341 - my_logger - INFO - 这是一条信息日志
2025-01-11 00:54:57,350 - my_logger - INFO - 现有任务: [<Job (id=0b73c8a18cdc4b77aadcba6cd80e95af name=swq_task)>, <Job (id=a0831fbb10764524ad056ea9f9b7aef6 name=task_task)>, <Job (id=caf366b7554646adb3da151ef4fb31b6 name=reward_task)>, <Job (id=2750f0126a484f3e85d044fbdb7cf7d3 name=check_and_run_evt_coupon)>, <Job (id=dc510bdd0ed340d5a5dd5dbc0de6bec2 name=history_task)>, <Job (id=b6ee5b4cd4a04e5db8330bb3e8ea9858 name=send_email_task)>]
2025-01-11 00:59:19,531 - my_logger - INFO - swq抓取兑换码任务执行完毕
2025-01-11 00:59:57,357 - my_logger - INFO - reward更新reward.csv任务执行完毕
2025-01-11 00:59:57,381 - my_logger - INFO - task更新task.json任务执行完毕
2025-01-11 01:02:18,354 - my_logger - INFO - swq抓取兑换码任务执行完毕
2025-01-11 01:04:57,363 - my_logger - INFO - reward更新reward.csv任务执行完毕
2025-01-11 01:04:57,380 - my_logger - INFO - task更新task.json任务执行完毕
2025-01-11 01:05:03,872 - my_logger - INFO - swq抓取兑换码任务执行完毕
2025-01-11 01:08:00,289 - my_logger - INFO - swq抓取兑换码任务执行完毕
2025-01-11 01:09:57,366 - my_logger - INFO - reward更新reward.csv任务执行完毕
2025-01-11 01:09:57,373 - my_logger - INFO - history更新history.csv任务执行完毕
2025-01-11 01:09:57,386 - my_logger - INFO - task更新task.json任务执行完毕
2025-01-11 01:09:57,402 - my_logger - INFO - evt_coupon.py运行完毕
2025-01-11 01:11:07,379 - my_logger - INFO - swq抓取兑换码任务执行完毕
2025-01-11 01:14:03,207 - my_logger - INFO - swq抓取兑换码任务执行完毕
2025-01-11 01:14:57,356 - my_logger - INFO - reward更新reward.csv任务执行完毕
2025-01-11 01:14:57,382 - my_logger - INFO - task更新task.json任务执行完毕
2025-01-11 01:17:02,439 - my_logger - INFO - swq抓取兑换码任务执行完毕
2025-01-11 01:19:57,349 - my_logger - INFO - reward更新reward.csv任务执行完毕
2025-01-11 01:19:57,353 - my_logger - INFO - task更新task.json任务执行完毕
2025-01-11 01:20:20,208 - my_logger - INFO - swq抓取兑换码任务执行完毕
2025-01-11 02:49:09,712 - my_logger - INFO - 这是一条信息日志
2025-01-11 02:49:09,714 - my_logger - INFO - swq抓取兑换码任务已添加，时间间隔为3分钟
2025-01-11 02:49:09,715 - my_logger - INFO - reward更新reward.csv任务已添加，时间间隔为5分钟
2025-01-11 02:49:09,715 - my_logger - INFO - task更新task.json任务已添加，时间间隔为5分钟
2025-01-11 02:49:09,715 - my_logger - INFO - history更新history.csv任务已添加，时间间隔为15分钟
2025-01-11 02:49:09,715 - my_logger - INFO - evt_coupon.py任务已添加，时间间隔为15分钟
2025-01-11 02:49:09,720 - my_logger - INFO - 每天指定时间执行发邮件任务已添加，时间为08:30
2025-01-11 02:49:09,720 - my_logger - INFO - 现有任务: [<Job (id=c1d061817ffa417581edcc3ee84a50c3 name=swq_task)>, <Job (id=3b188d1e89284c7aae1a86151d5ba15c name=reward_task)>, <Job (id=1cafd3c2d5094a03aa013b41b16d6a33 name=task_task)>, <Job (id=8dc8ff2ef4e7473bad3f97264f654e61 name=history_task)>, <Job (id=def0a38e80264b7fb08d610a911b151f name=check_and_run_evt_coupon)>, <Job (id=236fbfd369ee4c94bbd482274ca8cea9 name=send_email_task)>]
2025-01-11 02:52:14,338 - my_logger - INFO - swq抓取兑换码任务执行完毕
2025-01-11 02:54:09,734 - my_logger - INFO - reward更新reward.csv任务执行完毕
2025-01-11 02:54:09,750 - my_logger - INFO - task更新task.json任务执行完毕
2025-01-11 02:55:11,941 - my_logger - INFO - swq抓取兑换码任务执行完毕
2025-01-11 02:58:11,060 - my_logger - INFO - swq抓取兑换码任务执行完毕
2025-01-11 02:59:09,718 - my_logger - INFO - reward更新reward.csv任务执行完毕
2025-01-11 02:59:09,724 - my_logger - INFO - task更新task.json任务执行完毕
