2025-01-11 22:22:50.553675: {"country": "HK", "lang": "zh-hans", "server": "china", "hiveid": "samuer007", "coupon": "devnote2025dscollab"}
2025-01-11 22:23:39.909636: {"country": "HK", "lang": "zh-hans", "server": "china", "hiveid": "samuer007", "coupon": "sw2025jan6a8"}
2025-01-11 22:24:56.231137: {"country": "HK", "lang": "zh-hans", "server": "china", "hiveid": "samuer007", "coupon": "sw2024decs9q"}
2025-01-11 22:26:44.229629: {"country": "HK", "lang": "zh-hans", "server": "china", "hiveid": "samuer007", "coupon": "swxdshappy25"}
2025-01-11 22:27:55.609752: {"country": "HK", "lang": "zh-hans", "server": "china", "hiveid": "safety007", "coupon": "devnote2025dscollab"}
2025-01-11 22:29:27.398342: {"country": "HK", "lang": "zh-hans", "server": "china", "hiveid": "safety007", "coupon": "sw2025jan6a8"}
2025-01-11 22:29:46.587756: {"country": "HK", "lang": "zh-hans", "server": "china", "hiveid": "safety007", "coupon": "sw2024decs9q"}
2025-01-11 22:31:44.635564: {"country": "HK", "lang": "zh-hans", "server": "china", "hiveid": "safety007", "coupon": "swxdshappy25"}
2025-01-11 22:32:10.906631: {"country": "HK", "lang": "zh-hans", "server": "china", "hiveid": "1940519852", "coupon": "devnote2025dscollab"}
2025-01-11 22:32:41.686269: {"country": "HK", "lang": "zh-hans", "server": "china", "hiveid": "1940519852", "coupon": "sw2025jan6a8"}
2025-01-11 22:33:41.970958: {"country": "HK", "lang": "zh-hans", "server": "china", "hiveid": "1940519852", "coupon": "sw2024decs9q"}
2025-01-11 22:35:04.402650: {"country": "HK", "lang": "zh-hans", "server": "china", "hiveid": "1940519852", "coupon": "swxdshappy25"}
2025-01-11 22:35:41.103097: {"country": "HK", "lang": "zh-hans", "server": "china", "hiveid": "763066", "coupon": "devnote2025dscollab"}
2025-01-11 22:37:05.448867: {"country": "HK", "lang": "zh-hans", "server": "china", "hiveid": "763066", "coupon": "sw2025jan6a8"}
2025-01-11 22:37:52.776537: {"country": "HK", "lang": "zh-hans", "server": "china", "hiveid": "763066", "coupon": "sw2024decs9q"}
2025-01-11 22:39:24.397452: {"country": "HK", "lang": "zh-hans", "server": "china", "hiveid": "763066", "coupon": "swxdshappy25"}
2025-01-11 22:39:59.955394: {"country": "HK", "lang": "zh-hans", "server": "china", "hiveid": "Vittical", "coupon": "devnote2025dscollab"}
2025-01-11 22:40:51.794504: {"country": "HK", "lang": "zh-hans", "server": "china", "hiveid": "Vittical", "coupon": "sw2025jan6a8"}
2025-01-11 22:42:13.811616: {"country": "HK", "lang": "zh-hans", "server": "china", "hiveid": "Vittical", "coupon": "sw2024decs9q"}
2025-01-11 22:43:13.831414: {"country": "HK", "lang": "zh-hans", "server": "china", "hiveid": "Vittical", "coupon": "swxdshappy25"}
2025-01-11 22:44:31.639606: {"country": "HK", "lang": "zh-hans", "server": "china", "hiveid": "759830", "coupon": "devnote2025dscollab"}
2025-01-11 22:45:18.648597: {"country": "HK", "lang": "zh-hans", "server": "china", "hiveid": "759830", "coupon": "sw2025jan6a8"}
2025-01-11 22:45:38.089765: {"country": "HK", "lang": "zh-hans", "server": "china", "hiveid": "759830", "coupon": "sw2024decs9q"}
2025-01-11 22:47:11.128039: {"country": "HK", "lang": "zh-hans", "server": "china", "hiveid": "759830", "coupon": "swxdshappy25"}
2025-01-11 22:47:51.145941: {"country": "HK", "lang": "zh-hans", "server": "china", "hiveid": "ZQLDHJ", "coupon": "devnote2025dscollab"}
2025-01-11 22:49:51.639129: {"country": "HK", "lang": "zh-hans", "server": "china", "hiveid": "ZQLDHJ", "coupon": "sw2025jan6a8"}
2025-01-11 22:51:51.838445: {"country": "HK", "lang": "zh-hans", "server": "china", "hiveid": "ZQLDHJ", "coupon": "sw2024decs9q"}
2025-01-11 22:53:43.272950: {"country": "HK", "lang": "zh-hans", "server": "china", "hiveid": "ZQLDHJ", "coupon": "swxdshappy25"}
2025-01-11 22:55:22.285219: {"country": "HK", "lang": "zh-hans", "server": "china", "hiveid": "zhang921027", "coupon": "devnote2025dscollab"}
2025-01-11 22:57:11.355489: {"country": "HK", "lang": "zh-hans", "server": "china", "hiveid": "zhang921027", "coupon": "sw2025jan6a8"}
2025-01-11 22:57:50.594655: {"country": "HK", "lang": "zh-hans", "server": "china", "hiveid": "zhang921027", "coupon": "sw2024decs9q"}
2025-01-11 22:58:45.548684: {"country": "HK", "lang": "zh-hans", "server": "china", "hiveid": "zhang921027", "coupon": "swxdshappy25"}
2025-01-11 22:59:54.026645: {"country": "HK", "lang": "zh-hans", "server": "china", "hiveid": "hyyni1234", "coupon": "devnote2025dscollab"}
2025-01-11 23:01:30.332741: {"country": "HK", "lang": "zh-hans", "server": "china", "hiveid": "hyyni1234", "coupon": "sw2025jan6a8"}
2025-01-11 23:03:15.478818: {"country": "HK", "lang": "zh-hans", "server": "china", "hiveid": "hyyni1234", "coupon": "sw2024decs9q"}
2025-01-11 23:58:19.070760: {"country": "HK", "lang": "zh-hans", "server": "china", "hiveid": "hyyni1234", "coupon": "swxdshappy25"}
2025-01-12 00:00:02.418683: {"country": "HK", "lang": "zh-hans", "server": "china", "hiveid": "ZXFAILXY0322", "coupon": "devnote2025dscollab"}
2025-01-12 00:01:34.257533: {"country": "HK", "lang": "zh-hans", "server": "china", "hiveid": "ZXFAILXY0322", "coupon": "sw2025jan6a8"}
2025-01-12 00:02:57.429660: {"country": "HK", "lang": "zh-hans", "server": "china", "hiveid": "ZXFAILXY0322", "coupon": "sw2024decs9q"}
2025-01-12 00:04:55.842425: {"country": "HK", "lang": "zh-hans", "server": "china", "hiveid": "ZXFAILXY0322", "coupon": "swxdshappy25"}
2025-01-12 00:05:54.131874: {"country": "HK", "lang": "zh-hans", "server": "china", "hiveid": "linchao0510", "coupon": "devnote2025dscollab"}
2025-01-12 00:07:42.979039: {"country": "HK", "lang": "zh-hans", "server": "china", "hiveid": "linchao0510", "coupon": "sw2025jan6a8"}
2025-01-12 00:09:20.203822: {"country": "HK", "lang": "zh-hans", "server": "china", "hiveid": "linchao0510", "coupon": "sw2024decs9q"}
2025-01-12 00:10:03.894541: {"country": "HK", "lang": "zh-hans", "server": "china", "hiveid": "linchao0510", "coupon": "swxdshappy25"}
2025-01-12 00:10:44.257993: {"country": "HK", "lang": "zh-hans", "server": "china", "hiveid": "gcnu2768", "coupon": "devnote2025dscollab"}
2025-01-12 00:12:30.663648: {"country": "HK", "lang": "zh-hans", "server": "china", "hiveid": "gcnu2768", "coupon": "sw2025jan6a8"}
2025-01-12 00:13:31.037248: {"country": "HK", "lang": "zh-hans", "server": "china", "hiveid": "gcnu2768", "coupon": "sw2024decs9q"}
2025-01-12 00:15:07.893509: {"country": "HK", "lang": "zh-hans", "server": "china", "hiveid": "gcnu2768", "coupon": "swxdshappy25"}
2025-01-12 00:16:51.147045: {"country": "HK", "lang": "zh-hans", "server": "china", "hiveid": "wwcc998", "coupon": "devnote2025dscollab"}
2025-01-12 00:17:17.584614: {"country": "HK", "lang": "zh-hans", "server": "china", "hiveid": "wwcc998", "coupon": "sw2025jan6a8"}
2025-01-12 00:18:36.265156: {"country": "HK", "lang": "zh-hans", "server": "china", "hiveid": "wwcc998", "coupon": "sw2024decs9q"}
2025-01-12 00:19:48.477415: {"country": "HK", "lang": "zh-hans", "server": "china", "hiveid": "wwcc998", "coupon": "swxdshappy25"}
2025-01-12 00:21:45.332165: {"country": "HK", "lang": "zh-hans", "server": "china", "hiveid": "78619630", "coupon": "devnote2025dscollab"}
2025-01-12 00:22:14.020333: {"country": "HK", "lang": "zh-hans", "server": "china", "hiveid": "78619630", "coupon": "sw2025jan6a8"}
2025-01-12 00:23:34.688190: {"country": "HK", "lang": "zh-hans", "server": "china", "hiveid": "78619630", "coupon": "sw2024decs9q"}
2025-01-12 00:24:31.217193: {"country": "HK", "lang": "zh-hans", "server": "china", "hiveid": "78619630", "coupon": "swxdshappy25"}
2025-01-12 03:58:06.819702: {"country": "HK", "lang": "zh-hans", "server": "china", "hiveid": "jk187", "coupon": "devnote2025dscollab"}
2025-01-12 03:59:15.421652: {"country": "HK", "lang": "zh-hans", "server": "china", "hiveid": "jk187", "coupon": "sw2025jan6a8"}
2025-01-12 04:27:00.987621: {"country": "HK", "lang": "zh-hans", "server": "china", "hiveid": "jk187", "coupon": "sw2024decs9q"}
2025-01-12 04:27:58.161904: {"country": "HK", "lang": "zh-hans", "server": "china", "hiveid": "jk187", "coupon": "swxdshappy25"}
2025-01-12 04:28:37.623046: {"country": "HK", "lang": "zh-hans", "server": "china", "hiveid": "dshujun", "coupon": "devnote2025dscollab"}
2025-01-12 04:29:02.100131: {"country": "HK", "lang": "zh-hans", "server": "china", "hiveid": "dshujun", "coupon": "sw2025jan6a8"}
2025-01-12 04:29:51.820268: {"country": "HK", "lang": "zh-hans", "server": "china", "hiveid": "dshujun", "coupon": "sw2024decs9q"}
2025-01-12 04:30:51.790950: {"country": "HK", "lang": "zh-hans", "server": "china", "hiveid": "dshujun", "coupon": "swxdshappy25"}
2025-01-12 04:31:49.471908: {"country": "HK", "lang": "zh-hans", "server": "china", "hiveid": "kkws228", "coupon": "devnote2025dscollab"}
2025-01-12 04:36:11.688790: {"country": "HK", "lang": "zh-hans", "server": "china", "hiveid": "kkws228", "coupon": "sw2025jan6a8"}
2025-01-12 04:37:18.472240: {"country": "HK", "lang": "zh-hans", "server": "china", "hiveid": "kkws228", "coupon": "sw2024decs9q"}
2025-01-12 04:38:08.987085: {"country": "HK", "lang": "zh-hans", "server": "china", "hiveid": "kkws228", "coupon": "swxdshappy25"}
